2021/01/25 16:04:25 Ran using: [danser-0.4.1b.exe -t=5150 -d=0212 -knockout]
2021/01/25 16:04:26 Database version:  20201027
2021/01/25 16:04:26 Checking database...
2021/01/25 16:04:27 New beatmap found: S3RL feat. Jodie - MTC (TheRetroGuy) [Easy].osu
2021/01/25 16:04:27 New beatmap found: XXXTENTACION - SAD! (Zeni-) [Insane Jumps].osu
2021/01/25 16:04:27 Imported 0 new beatmaps.
2021/01/25 16:04:27 Found 6105 cached beatmaps. Loading...
2021/01/25 16:04:27 Loaded 6105 total.
2021/01/25 16:04:29 GLFW initialized!
2021/01/25 16:04:29 GL Vendor:     NVIDIA Corporation
2021/01/25 16:04:29 GL Renderer:   GeForce 210/PCIe/SSE2
2021/01/25 16:04:29 GL Version:    3.3.0
2021/01/25 16:04:29 GLSL Version:  3.30 NVIDIA via Cg compiler
2021/01/25 16:04:29 GL Extensions: GL_ARB_arrays_of_arrays GL_ARB_base_instance GL_ARB_blend_func_extended GL_ARB_clear_buffer_object GL_ARB_color_buffer_float GL_ARB_compressed_texture_pixel_storage GL_ARB_conservative_depth GL_ARB_copy_buffer GL_ARB_copy_image GL_ARB_debug_output GL_ARB_depth_buffer_float GL_ARB_depth_clamp GL_ARB_depth_texture GL_ARB_draw_buffers GL_ARB_draw_buffers_blend GL_ARB_draw_elements_base_vertex GL_ARB_draw_instanced GL_ARB_enhanced_layouts GL_ARB_ES2_compatibility GL_ARB_ES3_compatibility GL_ARB_explicit_attrib_location GL_ARB_explicit_uniform_location GL_ARB_fragment_coord_conventions GL_ARB_fragment_layer_viewport GL_ARB_fragment_program GL_ARB_fragment_program_shadow GL_ARB_fragment_shader GL_ARB_framebuffer_no_attachments GL_ARB_framebuffer_object GL_ARB_framebuffer_sRGB GL_ARB_geometry_shader4 GL_ARB_get_program_binary GL_ARB_half_float_pixel GL_ARB_half_float_vertex GL_ARB_imaging GL_ARB_instanced_arrays GL_ARB_internalformat_query GL_ARB_internalformat_query2 GL_ARB_invalidate_subdata GL_ARB_map_buffer_alignment GL_ARB_map_buffer_range GL_ARB_multi_bind GL_ARB_multisample GL_ARB_multitexture GL_ARB_occlusion_query GL_ARB_occlusion_query2 GL_ARB_pixel_buffer_object GL_ARB_point_parameters GL_ARB_point_sprite GL_ARB_program_interface_query GL_ARB_provoking_vertex GL_ARB_robust_buffer_access_behavior GL_ARB_robustness GL_ARB_sample_shading GL_ARB_sampler_objects GL_ARB_seamless_cube_map GL_ARB_separate_shader_objects GL_ARB_shader_bit_encoding GL_ARB_shader_objects GL_ARB_shader_texture_lod GL_ARB_shading_language_100 GL_ARB_shading_language_420pack GL_ARB_shading_language_include GL_ARB_shading_language_packing GL_ARB_shadow GL_ARB_stencil_texturing GL_ARB_sync GL_ARB_texture_border_clamp GL_ARB_texture_buffer_object GL_ARB_texture_buffer_range GL_ARB_texture_compression GL_ARB_texture_compression_rgtc GL_ARB_texture_cube_map GL_ARB_texture_cube_map_array GL_ARB_texture_env_add GL_ARB_texture_env_combine GL_ARB_texture_env_crossbar GL_ARB_texture_env_dot3 GL_ARB_texture_float GL_ARB_texture_gather GL_ARB_texture_mirror_clamp_to_edge GL_ARB_texture_mirrored_repeat GL_ARB_texture_multisample GL_ARB_texture_non_power_of_two GL_ARB_texture_query_levels GL_ARB_texture_query_lod GL_ARB_texture_rectangle GL_ARB_texture_rg GL_ARB_texture_rgb10_a2ui GL_ARB_texture_stencil8 GL_ARB_texture_storage GL_ARB_texture_storage_multisample GL_ARB_texture_swizzle GL_ARB_texture_view GL_ARB_timer_query GL_ARB_transform_feedback2 GL_ARB_transform_feedback_instanced GL_ARB_transpose_matrix GL_ARB_uniform_buffer_object GL_ARB_vertex_array_bgra GL_ARB_vertex_array_object GL_ARB_vertex_attrib_binding GL_ARB_vertex_buffer_object GL_ARB_vertex_program GL_ARB_vertex_shader GL_ARB_vertex_type_10f_11f_11f_rev GL_ARB_vertex_type_2_10_10_10_rev GL_ARB_viewport_array GL_ARB_window_pos GL_ATI_draw_buffers GL_ATI_texture_float GL_ATI_texture_mirror_once GL_S3_s3tc GL_EXT_texture_env_add GL_EXT_abgr GL_EXT_bgra GL_EXT_bindable_uniform GL_EXT_blend_color GL_EXT_blend_equation_separate GL_EXT_blend_func_separate GL_EXT_blend_minmax GL_EXT_blend_subtract GL_EXT_compiled_vertex_array GL_EXT_Cg_shader GL_EXT_depth_bounds_test GL_EXT_direct_state_access GL_EXT_draw_buffers2 GL_EXT_draw_instanced GL_EXT_draw_range_elements GL_EXT_fog_coord GL_EXT_framebuffer_blit GL_EXT_framebuffer_multisample GL_EXTX_framebuffer_mixed_formats GL_EXT_framebuffer_multisample_blit_scaled GL_EXT_framebuffer_object GL_EXT_framebuffer_sRGB GL_EXT_geometry_shader4 GL_EXT_gpu_program_parameters GL_EXT_gpu_shader4 GL_EXT_multi_draw_arrays GL_EXT_packed_depth_stencil GL_EXT_packed_float GL_EXT_packed_pixels GL_EXT_pixel_buffer_object GL_EXT_point_parameters GL_EXT_provoking_vertex GL_EXT_rescale_normal GL_EXT_secondary_color GL_EXT_separate_shader_objects GL_EXT_separate_specular_color GL_EXT_shader_integer_mix GL_EXT_shadow_funcs GL_EXT_stencil_two_side GL_EXT_stencil_wrap GL_EXT_texture3D GL_EXT_texture_array GL_EXT_texture_buffer_object GL_EXT_texture_compression_dxt1 GL_EXT_texture_compression_latc GL_EXT_texture_compression_rgtc GL_EXT_texture_compression_s3tc GL_EXT_texture_cube_map GL_EXT_texture_edge_clamp GL_EXT_texture_env_combine GL_EXT_texture_env_dot3 GL_EXT_texture_filter_anisotropic GL_EXT_texture_integer GL_EXT_texture_lod GL_EXT_texture_lod_bias GL_EXT_texture_mirror_clamp GL_EXT_texture_object GL_EXT_texture_shared_exponent GL_EXT_texture_sRGB GL_EXT_texture_sRGB_decode GL_EXT_texture_storage GL_EXT_texture_swizzle GL_EXT_timer_query GL_EXT_transform_feedback2 GL_EXT_vertex_array GL_EXT_vertex_array_bgra GL_EXT_import_sync_object GL_IBM_rasterpos_clip GL_IBM_texture_mirrored_repeat GL_KHR_debug GL_KTX_buffer_region GL_NV_blend_square GL_NV_conditional_render GL_NV_copy_depth_to_color GL_NV_copy_image GL_NV_depth_buffer_float GL_NV_depth_clamp GL_NV_ES1_1_compatibility GL_NV_explicit_multisample GL_NV_fence GL_NV_float_buffer GL_NV_fog_distance GL_NV_fragment_program GL_NV_fragment_program_option GL_NV_fragment_program2 GL_NV_framebuffer_multisample_coverage GL_NV_geometry_shader4 GL_NV_gpu_program4 GL_NV_gpu_program4_1 GL_NV_half_float GL_NV_light_max_exponent GL_NV_multisample_coverage GL_NV_multisample_filter_hint GL_NV_occlusion_query GL_NV_packed_depth_stencil GL_NV_parameter_buffer_object GL_NV_parameter_buffer_object2 GL_NV_path_rendering GL_NV_pixel_data_range GL_NV_point_sprite GL_NV_primitive_restart GL_NV_register_combiners GL_NV_register_combiners2 GL_NV_shader_buffer_load GL_NV_texgen_reflection GL_NV_texture_barrier GL_NV_texture_compression_vtc GL_NV_texture_env_combine4 GL_NV_texture_expand_normal GL_NV_texture_multisample GL_NV_texture_rectangle GL_NV_texture_shader GL_NV_texture_shader2 GL_NV_texture_shader3 GL_NV_transform_feedback GL_NV_transform_feedback2 GL_NV_vertex_array_range GL_NV_vertex_array_range2 GL_NV_vertex_buffer_unified_memory GL_NV_vertex_program GL_NV_vertex_program1_1 GL_NV_vertex_program2 GL_NV_vertex_program2_option GL_NV_vertex_program3 GL_NVX_conditional_render GL_NVX_gpu_memory_info GL_SGIS_generate_mipmap GL_SGIS_texture_lod GL_SGIX_depth_texture GL_SGIX_shadow GL_SUN_slice_accum GL_WIN_swap_hint WGL_EXT_swap_control 
2021/01/25 16:04:29 OpenGL initialized!
2021/01/25 16:04:35 Exo 2 Bold loaded!
2021/01/25 16:04:35 BASS Initialized!
2021/01/25 16:04:35 BASS Version: 2.4.15.26
2021/01/25 16:04:35 BASS FX Version: 2.4.12.1
2021/01/25 16:04:35 SkinManager: Loading skin: Mathi 2017-08-20
2021/01/25 16:04:35 SkinManager: Skin "Mathi 2017-08-20" loaded.
2021/01/25 16:04:35 Loading texture into atlas: assets/textures/cursor.png
2021/01/25 16:04:35 Loading texture into atlas: assets/textures/cursor-top.png
2021/01/25 16:04:35 Loading texture into atlas: assets/default-skin/hit0-0.png
2021/01/25 16:04:35 Loading texture into atlas: assets/default-skin/hit50.png
2021/01/25 16:04:35 Loading texture into atlas: assets/default-skin/hit100.png
2021/01/25 16:04:35 Loading texture into atlas: assets/textures/ovbutton.png
2021/01/25 16:04:35 Loading texture into atlas: assets/textures/ovbutton-e.png
2021/01/25 16:04:35 Loading texture into atlas: assets/textures/triangle.png
2021/01/25 16:04:35 Loading texture into atlas: assets/textures/triangle-shadow.png
2021/01/25 16:04:35 Loading texture into atlas: assets/textures/triangle-small.png
2021/01/25 16:04:35 Loading texture: assets/textures/cursortrail.png
2021/01/25 16:04:36 Playing: THE ORAL CIGARETTES - 5150 [0212]
2021/01/25 16:04:36 Loading texture into atlas: assets/textures/coinbig.png
2021/01/25 16:04:36 Loading texture into atlas: assets/textures/warning.png
2021/01/25 16:04:36 Loading texture into atlas: F:\OSU & Stuff\OSU!\Songs\812921 THE ORAL CIGARETTES - 5150\gb.jpg
2021/01/25 16:04:36 Trying to load storyboard from:  F:\OSU & Stuff\OSU!\Songs\812921 THE ORAL CIGARETTES - 5150\THE ORAL CIGARETTES - 5150 (donjuan) [0212].osu
2021/01/25 16:04:36 Trying to load storyboard from:  F:\OSU & Stuff\OSU!\Songs\812921 THE ORAL CIGARETTES - 5150\THE ORAL CIGARETTES - 5150 (donjuan).osb
2021/01/25 16:04:36 open F:\OSU & Stuff\OSU!\Songs\812921 THE ORAL CIGARETTES - 5150\THE ORAL CIGARETTES - 5150 (donjuan).osb: The system cannot find the file specified.
2021/01/25 16:04:36 Storyboard not found!
2021/01/25 16:04:36 Loading:  102887.osr
2021/01/25 16:04:36 Loading:  131260.osr
2021/01/25 16:04:36 Excluding for mods: P3nt4g0n
2021/01/25 16:04:36 Loading:  25477.osr
2021/01/25 16:04:36 Loading:  471552.osr
2021/01/25 16:04:36 Loading:  56707.osr
2021/01/25 16:04:36 Loading:  70044.osr
2021/01/25 16:04:36 Loading replay for: Kyow
2021/01/25 16:04:36 Expected score: 7336834
2021/01/25 16:04:36 Expected pp: NaN
2021/01/25 16:04:36 Replay loaded!
2021/01/25 16:04:36 Loading replay for: kalaTudor
2021/01/25 16:04:36 Expected score: 7058132
2021/01/25 16:04:36 Expected pp: NaN
2021/01/25 16:04:36 Replay loaded!
2021/01/25 16:04:36 Loading replay for: NITOR
2021/01/25 16:04:36 Expected score: 3569900
2021/01/25 16:04:36 Expected pp: NaN
2021/01/25 16:04:36 Replay loaded!
2021/01/25 16:04:36 Loading replay for: Zoro
2021/01/25 16:04:36 Expected score: 2582400
2021/01/25 16:04:36 Expected pp: NaN
2021/01/25 16:04:36 Replay loaded!
2021/01/25 16:04:36 Loading replay for: kishi
2021/01/25 16:04:36 Expected score: 2046995
2021/01/25 16:04:36 Expected pp: NaN
2021/01/25 16:04:36 Replay loaded!
2021/01/25 16:04:36 drainrate 19.568944742399992
2021/01/25 16:04:36 normalmult 1
2021/01/25 16:04:36 combomult 1
2021/01/25 16:04:36 drainrate 19.568944742399992
2021/01/25 16:04:36 normalmult 1
2021/01/25 16:04:36 combomult 1
2021/01/25 16:04:36 drainrate 19.568944742399992
2021/01/25 16:04:36 normalmult 1
2021/01/25 16:04:36 combomult 1
2021/01/25 16:04:36 drainrate 19.568944742399992
2021/01/25 16:04:36 normalmult 1
2021/01/25 16:04:36 combomult 1
2021/01/25 16:04:36 drainrate 19.568944742399992
2021/01/25 16:04:36 normalmult 1
2021/01/25 16:04:36 combomult 1
2021/01/25 16:04:36 drainrate 19.568944742399992
2021/01/25 16:04:36 normalmult 1
2021/01/25 16:04:36 combomult 1
2021/01/25 16:04:36 Track: audio.mp3
2021/01/25 16:04:37 Slow frame detected! Frame time: 102.355ms | Av. frame time: 0.002ms
2021/01/25 16:04:37 Slow frame detected! Frame time: 18.683ms | Av. frame time: 16.543ms
2021/01/25 16:04:37 Slow frame detected! Frame time: 22.335ms | Av. frame time: 13.583ms
2021/01/25 16:04:38 Slow frame detected! Frame time: 26.672ms | Av. frame time: 14.022ms
2021/01/25 16:04:38 Slow frame detected! Frame time: 27.782ms | Av. frame time: 14.776ms
2021/01/25 16:04:38 Slow frame detected! Frame time: 42.211ms | Av. frame time: 15.582ms
2021/01/25 16:04:38 Slow frame detected! Frame time: 18.157ms | Av. frame time: 15.204ms
2021/01/25 16:04:39 Slow frame detected! Frame time: 27.266ms | Av. frame time: 12.537ms
2021/01/25 16:04:42 Slow frame detected! Frame time: 22.281ms | Av. frame time: 13.334ms
2021/01/25 16:04:42 Slow frame detected! Frame time: 19.982ms | Av. frame time: 14.127ms
2021/01/25 16:04:42 Slow frame detected! Frame time: 19.486ms | Av. frame time: 14.473ms
2021/01/25 16:04:42 Slow frame detected! Frame time: 18.240ms | Av. frame time: 14.669ms
2021/01/25 16:04:43 Slow frame detected! Frame time: 18.981ms | Av. frame time: 14.365ms
2021/01/25 16:04:43 Slow frame detected! Frame time: 19.755ms | Av. frame time: 14.659ms
2021/01/25 16:04:43 Slow frame detected! Frame time: 18.737ms | Av. frame time: 14.442ms
2021/01/25 16:04:43 Slow frame detected! Frame time: 19.192ms | Av. frame time: 14.649ms
2021/01/25 16:04:43 Slow frame detected! Frame time: 19.339ms | Av. frame time: 14.903ms
2021/01/25 16:04:43 Slow frame detected! Frame time: 19.277ms | Av. frame time: 15.169ms
2021/01/25 16:04:44 Slow frame detected! Frame time: 18.145ms | Av. frame time: 14.477ms
2021/01/25 16:04:44 Slow frame detected! Frame time: 19.145ms | Av. frame time: 14.679ms
2021/01/25 16:04:44 Slow frame detected! Frame time: 25.399ms | Av. frame time: 14.928ms
2021/01/25 16:04:44 Slow frame detected! Frame time: 19.470ms | Av. frame time: 15.523ms
2021/01/25 16:04:44 Slow frame detected! Frame time: 18.023ms | Av. frame time: 15.609ms
2021/01/25 16:04:44 Slow frame detected! Frame time: 18.800ms | Av. frame time: 15.613ms
2021/01/25 16:04:45 Slow frame detected! Frame time: 18.465ms | Av. frame time: 14.904ms
2021/01/25 16:04:45 Slow frame detected! Frame time: 18.685ms | Av. frame time: 14.859ms
2021/01/25 16:04:45 Slow frame detected! Frame time: 19.111ms | Av. frame time: 14.794ms
2021/01/25 16:04:45 Slow frame detected! Frame time: 19.417ms | Av. frame time: 14.928ms
2021/01/25 16:04:46 Slow frame detected! Frame time: 18.901ms | Av. frame time: 15.168ms
2021/01/25 16:04:46 Slow frame detected! Frame time: 18.027ms | Av. frame time: 15.132ms
2021/01/25 16:04:46 Slow frame detected! Frame time: 18.969ms | Av. frame time: 15.056ms
2021/01/25 16:04:46 Slow frame detected! Frame time: 19.106ms | Av. frame time: 15.373ms
2021/01/25 16:04:46 Slow frame detected! Frame time: 21.034ms | Av. frame time: 15.534ms
2021/01/25 16:04:46 Slow frame detected! Frame time: 25.265ms | Av. frame time: 15.794ms
2021/01/25 16:04:46 Slow frame detected! Frame time: 25.997ms | Av. frame time: 16.329ms
2021/01/25 16:04:46 Slow frame detected! Frame time: 24.181ms | Av. frame time: 16.891ms
2021/01/25 16:04:47 Slow frame detected! Frame time: 23.480ms | Av. frame time: 17.110ms
2021/01/25 16:04:47 Slow frame detected! Frame time: 25.229ms | Av. frame time: 17.049ms
2021/01/25 16:04:47 Slow frame detected! Frame time: 23.752ms | Av. frame time: 16.790ms
2021/01/25 16:04:47 Slow frame detected! Frame time: 25.044ms | Av. frame time: 16.451ms
2021/01/25 16:04:47 Slow frame detected! Frame time: 25.421ms | Av. frame time: 16.933ms
2021/01/25 16:05:09 Slow frame detected! Frame time: 35.775ms | Av. frame time: 16.609ms
2021/01/25 16:05:16 kishi􏿻 has broken! Max combo: 43
2021/01/25 16:05:27 Zoro􏿼 has broken! Max combo: 149
2021/01/25 16:05:28 NITOR􏿽 has broken! Max combo: 157
2021/01/25 16:06:31 kalaTudor􏿾 has broken! Max combo: 605
2021/01/25 16:06:32 Kyow􏿿 has broken! Max combo: 614
2021/01/25 16:06:44 +---+--------------+------------+----------+-------+-----+-----+----+------+-------+-----------+------+--------+
2021/01/25 16:06:44 | # |    PLAYER    |   SCORE    | ACCURACY | GRADE | 300 | 100 | 50 | MISS | COMBO | MAX COMBO | MODS |   PP   |
2021/01/25 16:06:44 +---+--------------+------------+----------+-------+-----+-----+----+------+-------+-----------+------+--------+
2021/01/25 16:06:44 | 1 | Kyow Replays | 10,414,680 |   100.00 | SS    | 584 |   0 |  0 |    0 |   719 |       719 | AT   | 462.51 |
2021/01/25 16:06:44 | 2 | Kyow􏿿        |  7,338,362 |    93.15 | A     | 530 |  36 | 12 |    6 |    12 |       614 |      | 253.36 |
2021/01/25 16:06:44 | 3 | kalaTudor􏿾   |  7,063,076 |    96.95 | A     | 559 |  20 |  3 |    2 |    55 |       605 |      | 319.61 |
2021/01/25 16:06:44 | 4 | NITOR􏿽       |  3,569,900 |    96.40 | A     | 555 |  22 |  4 |    3 |    36 |       368 |      | 216.02 |
2021/01/25 16:06:44 | 5 | kishi􏿻       |  2,606,407 |    89.90 | B     | 505 |  60 |  0 |   19 |     3 |       330 | HD   | 109.97 |
2021/01/25 16:06:44 | 6 | Zoro􏿼        |  2,583,626 |    78.97 | C     | 413 | 131 | 27 |   13 |     8 |       352 |      | 112.70 |
2021/01/25 16:06:44 +---+--------------+------------+----------+-------+-----+-----+----+------+-------+-----------+------+--------+
2021/01/25 16:06:44 
2021/01/25 16:06:50 Slow frame detected! Frame time: 19.017ms | Av. frame time: 8.316ms
2021/01/25 16:06:50 Slow frame detected! Frame time: 39.633ms | Av. frame time: 8.774ms
2021/01/25 16:06:51 Slow frame detected! Frame time: 18.645ms | Av. frame time: 2.931ms
2021/01/25 16:06:51 Slow frame detected! Frame time: 18.814ms | Av. frame time: 3.353ms
